2025-08-07 17:20:29,603 -ERROR: CPU and RAM must be valid numbers.
2025-08-07 17:20:33,772 -ERROR: CPU and RAM must be valid numbers.
2025-08-07 17:20:45,725 -ERROR:  Failed to install server: Command '['bash', 'scripts/install.sh']' returned non-zero exit status 127.
2025-08-07 17:22:55,964 -INFO: Machine created: 'gs'
2025-08-07 17:22:55,980 -INFO: Machine added successfully.
2025-08-07 17:23:03,081 -ERROR: Invalid input: 'dfnb' is not one of ['linux', 'centos', 'windows', 'win']
2025-08-07 17:23:03,095 -WARNING: Machine not added due to validation error.
2025-08-07 17:23:11,917 -INFO: server installation completed.
2025-08-10 17:00:56,514 -INFO: Machine created: 'ojnj'
2025-08-10 17:00:56,553 -INFO: Machine added successfully.
2025-08-10 17:01:04,144 -ERROR: Invalid input: 'li' is not one of ['linux', 'centos', 'windows', 'win']
2025-08-10 17:01:04,168 -WARNING: Machine not added due to validation error.
Checking if  is already installed on ...
 not found on . Starting installation...
Installing  on ...
 installation completed successfully on .
2025-08-10 17:01:17,610 -INFO: server installation completed.
2025-08-11 16:38:15,479 -WARNING: [INPUT] Empty input received, prompting again
2025-08-11 16:38:17,103 -WARNING: [INPUT] Empty input received, prompting again
2025-08-11 17:01:02,340 -ERROR: Invalid input: 'l' is not one of ['linux', 'centos', 'windows', 'win']
2025-08-11 17:01:02,356 -WARNING: Machine not added due to validation error.
2025-08-11 17:01:03,294 -ERROR:  Failed to install server: Command '['bash', 'scripts/install.sh']' returned non-zero exit status 1.
